# JRE version: OpenJDK Runtime Environment Temurin-17.0.5+8 (17.0.5+8) (build 17.0.5+8)
# Java VM: OpenJDK 64-Bit Server VM Temurin-17.0.5+8 (17.0.5+8, mixed mode, emulated-client, tiered, compressed oops, compressed class ptrs, g1 gc, windows-amd64)
GC Precious Log:
 CPUs: 4 total, 4 available
 Memory: 3992M
 Large Page Support: Disabled
 NUMA Support: Disabled
 Compressed Oops: Enabled (32-bit)
 Heap Region Size: 1M
 Heap Min Capacity: 8M
 Heap Initial Capacity: 64M
 Heap Max Capacity: 1000M
 Pre-touch: Disabled
 Parallel Workers: 4
 Concurrent Workers: 1
 Concurrent Refinement Workers: 4
 Periodic GC: Disabled
Heap:
 garbage-first heap   total 419840K, used 176933K [0x00000000c1800000, 0x0000000100000000)
  region size 1024K, 2 young (2048K), 2 survivors (2048K)
 Metaspace       used 39281K, committed 39616K, reserved 1089536K
  class space    used 4957K, committed 5120K, reserved 1048576K
GC Heap History (20 events):
Event: 60.920 GC heap after
{Heap after GC invocations=44 (full 0):
 garbage-first heap   total 268288K, used 136771K [0x00000000c1800000, 0x0000000100000000)
  region size 1024K, 5 young (5120K), 5 survivors (5120K)
 Metaspace       used 39074K, committed 39424K, reserved 1089536K
  class space    used 4938K, committed 5120K, reserved 1048576K
}
Event: 61.135 GC heap before
{Heap before GC invocations=44 (full 0):
 garbage-first heap   total 268288K, used 143939K [0x00000000c1800000, 0x0000000100000000)
  region size 1024K, 13 young (13312K), 5 survivors (5120K)
 Metaspace       used 39195K, committed 39552K, reserved 1089536K
  class space    used 4947K, committed 5120K, reserved 1048576K
}
Event: 61.155 GC heap after
{Heap after GC invocations=45 (full 0):
 garbage-first heap   total 268288K, used 136331K [0x00000000c1800000, 0x0000000100000000)
  region size 1024K, 1 young (1024K), 1 survivors (1024K)
 Metaspace       used 39195K, committed 39552K, reserved 1089536K
  class space    used 4947K, committed 5120K, reserved 1048576K
}
Event: 63.815 GC heap before
{Heap before GC invocations=45 (full 0):
 garbage-first heap   total 268288K, used 223371K [0x00000000c1800000, 0x0000000100000000)
  region size 1024K, 87 young (89088K), 1 survivors (1024K)
 Metaspace       used 39195K, committed 39552K, reserved 1089536K
  class space    used 4947K, committed 5120K, reserved 1048576K
}
Event: 63.884 GC heap after
{Heap after GC invocations=46 (full 0):
 garbage-first heap   total 419840K, used 140492K [0x00000000c1800000, 0x0000000100000000)
  region size 1024K, 5 young (5120K), 5 survivors (5120K)
 Metaspace       used 39195K, committed 39552K, reserved 1089536K
  class space    used 4947K, committed 5120K, reserved 1048576K
}
Event: 66.901 GC heap before
{Heap before GC invocations=46 (full 0):
 garbage-first heap   total 419840K, used 236748K [0x00000000c1800000, 0x0000000100000000)
  region size 1024K, 101 young (103424K), 5 survivors (5120K)
 Metaspace       used 39195K, committed 39552K, reserved 1089536K
  class space    used 4947K, committed 5120K, reserved 1048576K
}
Event: 67.474 GC heap after
{Heap after GC invocations=47 (full 0):
 garbage-first heap   total 419840K, used 145314K [0x00000000c1800000, 0x0000000100000000)
  region size 1024K, 10 young (10240K), 10 survivors (10240K)
 Metaspace       used 39195K, committed 39552K, reserved 1089536K
  class space    used 4947K, committed 5120K, reserved 1048576K
}
Event: 74.377 GC heap before
{Heap before GC invocations=47 (full 0):
 garbage-first heap   total 419840K, used 338850K [0x00000000c1800000, 0x0000000100000000)
  region size 1024K, 199 young (203776K), 10 survivors (10240K)
 Metaspace       used 39195K, committed 39552K, reserved 1089536K
  class space    used 4947K, committed 5120K, reserved 1048576K
}
Event: 74.409 GC heap after
{Heap after GC invocations=48 (full 0):
 garbage-first heap   total 419840K, used 155345K [0x00000000c1800000, 0x0000000100000000)
  region size 1024K, 19 young (19456K), 19 survivors (19456K)
 Metaspace       used 39195K, committed 39552K, reserved 1089536K
  class space    used 4947K, committed 5120K, reserved 1048576K
}
Event: 80.313 GC heap before
{Heap before GC invocations=48 (full 0):
 garbage-first heap   total 419840K, used 341713K [0x00000000c1800000, 0x0000000100000000)
  region size 1024K, 202 young (206848K), 19 survivors (19456K)
 Metaspace       used 39195K, committed 39552K, reserved 1089536K
  class space    used 4947K, committed 5120K, reserved 1048576K
}
Event: 80.391 GC heap after
{Heap after GC invocations=49 (full 0):
 garbage-first heap   total 419840K, used 164837K [0x00000000c1800000, 0x0000000100000000)
  region size 1024K, 19 young (19456K), 19 survivors (19456K)
 Metaspace       used 39195K, committed 39552K, reserved 1089536K
  class space    used 4947K, committed 5120K, reserved 1048576K
}
Event: 91.567 GC heap before
{Heap before GC invocations=50 (full 0):
 garbage-first heap   total 419840K, used 347109K [0x00000000c1800000, 0x0000000100000000)
  region size 1024K, 198 young (202752K), 19 survivors (19456K)
 Metaspace       used 39271K, committed 39616K, reserved 1089536K
  class space    used 4954K, committed 5120K, reserved 1048576K
}
Event: 92.182 GC heap after
{Heap after GC invocations=51 (full 0):
 garbage-first heap   total 419840K, used 173854K [0x00000000c1800000, 0x0000000100000000)
  region size 1024K, 18 young (18432K), 18 survivors (18432K)
 Metaspace       used 39271K, committed 39616K, reserved 1089536K
  class space    used 4954K, committed 5120K, reserved 1048576K
}
Event: 92.784 GC heap before
{Heap before GC invocations=51 (full 0):
 garbage-first heap   total 419840K, used 174878K [0x00000000c1800000, 0x0000000100000000)
  region size 1024K, 20 young (20480K), 18 survivors (18432K)
 Metaspace       used 39273K, committed 39616K, reserved 1089536K
  class space    used 4955K, committed 5120K, reserved 1048576K
}
Event: 93.376 GC heap after
{Heap after GC invocations=52 (full 0):
 garbage-first heap   total 419840K, used 174890K [0x00000000c1800000, 0x0000000100000000)
  region size 1024K, 2 young (2048K), 2 survivors (2048K)
 Metaspace       used 39273K, committed 39616K, reserved 1089536K
  class space    used 4955K, committed 5120K, reserved 1048576K
}
Event: 94.153 GC heap before
{Heap before GC invocations=52 (full 0):
 garbage-first heap   total 419840K, used 192298K [0x00000000c1800000, 0x0000000100000000)
  region size 1024K, 20 young (20480K), 2 survivors (2048K)
 Metaspace       used 39276K, committed 39616K, reserved 1089536K
  class space    used 4956K, committed 5120K, reserved 1048576K
}
Event: 94.165 GC heap after
{Heap after GC invocations=53 (full 0):
 garbage-first heap   total 419840K, used 175328K [0x00000000c1800000, 0x0000000100000000)
  region size 1024K, 2 young (2048K), 2 survivors (2048K)
 Metaspace       used 39276K, committed 39616K, reserved 1089536K
  class space    used 4956K, committed 5120K, reserved 1048576K
}
Event: 94.777 GC heap before
{Heap before GC invocations=53 (full 0):
 garbage-first heap   total 419840K, used 192736K [0x00000000c1800000, 0x0000000100000000)
  region size 1024K, 20 young (20480K), 2 survivors (2048K)
 Metaspace       used 39276K, committed 39616K, reserved 1089536K
  class space    used 4956K, committed 5120K, reserved 1048576K
}
Event: 95.126 GC heap after
{Heap after GC invocations=54 (full 0):
 garbage-first heap   total 419840K, used 175830K [0x00000000c1800000, 0x0000000100000000)
  region size 1024K, 2 young (2048K), 2 survivors (2048K)
 Metaspace       used 39276K, committed 39616K, reserved 1089536K
  class space    used 4956K, committed 5120K, reserved 1048576K
}
Event: 95.996 GC heap before
{Heap before GC invocations=54 (full 0):
 garbage-first heap   total 419840K, used 193238K [0x00000000c1800000, 0x0000000100000000)
  region size 1024K, 20 young (20480K), 2 survivors (2048K)
 Metaspace       used 39281K, committed 39616K, reserved 1089536K
  class space    used 4957K, committed 5120K, reserved 1048576K
}

